[29Jun2025 00:01:10.285] [Server thread/INFO] [net.minecraft.server.MinecraftServer/]: [xXseba_el_proXx: Teleported xXseba_el_proXx to 120.500000, 37.000000, 1357.500000]
[29Jun2025 00:03:16.129] [Server thread/INFO] [net.minecraft.server.MinecraftServer/]: [xXseba_el_proXx: Teleported xXseba_el_proXx to 104.500000, 69.000000, 1208.500000]
[29Jun2025 00:06:46.991] [Server thread/INFO] [net.minecraft.server.MinecraftServer/]: [xXseba_el_proXx: Teleported xXseba_el_proXx to 781.500000, 64.000000, 1218.500000]
[29Jun2025 00:08:03.297] [Server thread/INFO] [net.minecraft.server.MinecraftServer/]: [xXseba_el_proXx: Teleported xXseba_el_proXx to 96.500000, 70.000000, 1154.500000]
[29Jun2025 00:08:26.021] [Server thread/INFO] [net.minecraft.server.network.ServerGamePacketListenerImpl/]: xXseba_el_proXx lost connection: Timed out
[29Jun2025 00:08:26.022] [Server thread/INFO] [net.minecraft.server.MinecraftServer/]: xXseba_el_proXx left the game
[29Jun2025 00:08:26.022] [Server thread/INFO] [voicechat/]: [voicechat] Disconnecting client xXseba_el_proXx
[29Jun2025 00:08:57.076] [Server thread/INFO] [net.minecraft.server.players.PlayerList/]: xXseba_el_proXx[/127.135.99.248:38687] logged in with entity id 10670 at (96.5, 70.0, 1154.5)
[29Jun2025 00:08:57.091] [Server thread/INFO] [net.minecraft.server.MinecraftServer/]: xXseba_el_proXx joined the game
[29Jun2025 00:08:58.843] [Server thread/INFO] [voicechat/]: [voicechat] Received secret request of xXseba_el_proXx (18)
[29Jun2025 00:08:58.844] [Server thread/INFO] [voicechat/]: [voicechat] Sent secret to xXseba_el_proXx
[29Jun2025 00:09:27.188] [Server thread/INFO] [net.minecraft.server.network.ServerGamePacketListenerImpl/]: xXseba_el_proXx lost connection: Timed out
[29Jun2025 00:09:27.188] [Server thread/INFO] [net.minecraft.server.MinecraftServer/]: xXseba_el_proXx left the game
[29Jun2025 00:09:27.189] [Server thread/INFO] [voicechat/]: [voicechat] Disconnecting client xXseba_el_proXx
[29Jun2025 00:10:42.475] [Server thread/INFO] [net.minecraft.server.players.PlayerList/]: xXseba_el_proXx[/127.135.99.248:48577] logged in with entity id 11181 at (94.97370348832281, 70.0, 1153.9364181468698)
[29Jun2025 00:10:42.488] [Server thread/INFO] [net.minecraft.server.MinecraftServer/]: xXseba_el_proXx joined the game
[29Jun2025 00:10:43.217] [Server thread/INFO] [voicechat/]: [voicechat] Received secret request of xXseba_el_proXx (18)
[29Jun2025 00:10:43.218] [Server thread/INFO] [voicechat/]: [voicechat] Sent secret to xXseba_el_proXx
[29Jun2025 00:12:12.619] [Server thread/INFO] [net.minecraft.server.network.ServerGamePacketListenerImpl/]: xXseba_el_proXx lost connection: Timed out
[29Jun2025 00:12:12.620] [Server thread/INFO] [net.minecraft.server.MinecraftServer/]: xXseba_el_proXx left the game
[29Jun2025 00:12:12.620] [Server thread/INFO] [voicechat/]: [voicechat] Disconnecting client xXseba_el_proXx
[29Jun2025 00:12:27.423] [Server thread/INFO] [net.minecraft.server.players.PlayerList/]: xXseba_el_proXx[/127.135.99.248:47239] logged in with entity id 11874 at (86.44887225932624, 68.0, 1200.8995044331186)
[29Jun2025 00:12:27.435] [Server thread/INFO] [net.minecraft.server.MinecraftServer/]: xXseba_el_proXx joined the game
[29Jun2025 00:12:28.151] [Server thread/INFO] [voicechat/]: [voicechat] Received secret request of xXseba_el_proXx (18)
[29Jun2025 00:12:28.151] [Server thread/INFO] [voicechat/]: [voicechat] Sent secret to xXseba_el_proXx
[29Jun2025 00:13:12.624] [Server thread/INFO] [net.minecraft.server.network.ServerGamePacketListenerImpl/]: xXseba_el_proXx lost connection: Timed out
[29Jun2025 00:13:12.624] [Server thread/INFO] [net.minecraft.server.MinecraftServer/]: xXseba_el_proXx left the game
[29Jun2025 00:13:12.624] [Server thread/INFO] [voicechat/]: [voicechat] Disconnecting client xXseba_el_proXx
[29Jun2025 00:13:43.622] [Server thread/INFO] [net.minecraft.server.players.PlayerList/]: xXseba_el_proXx[/127.135.99.248:42705] logged in with entity id 12393 at (86.44887225932624, 68.0, 1200.8995044331186)
[29Jun2025 00:13:43.634] [Server thread/INFO] [net.minecraft.server.MinecraftServer/]: xXseba_el_proXx joined the game
[29Jun2025 00:13:44.316] [Server thread/INFO] [voicechat/]: [voicechat] Received secret request of xXseba_el_proXx (18)
[29Jun2025 00:13:44.317] [Server thread/INFO] [voicechat/]: [voicechat] Sent secret to xXseba_el_proXx
